0 info it worked if it ends with ok
1 verbose cli [ 'node', '/usr/local/bin/npm', 'install', 'z-schemф' ]
2 info using npm@1.4.28
3 info using node@v0.10.32
4 warn package.json testdapp@1.0.0 No description
5 warn package.json testdapp@1.0.0 No repository field.
6 verbose readDependencies using package.json deps
7 verbose cache add [ 'z-schemф', null ]
8 verbose cache add name=undefined spec="z-schemф" args=["z-schemф",null]
9 verbose parsed url { protocol: null,
9 verbose parsed url   slashes: null,
9 verbose parsed url   auth: null,
9 verbose parsed url   host: null,
9 verbose parsed url   port: null,
9 verbose parsed url   hostname: null,
9 verbose parsed url   hash: null,
9 verbose parsed url   search: null,
9 verbose parsed url   query: null,
9 verbose parsed url   pathname: 'z-schemф',
9 verbose parsed url   path: 'z-schemф',
9 verbose parsed url   href: 'z-schemф' }
10 silly lockFile 096224f5-z-schem z-schemф
11 verbose lock z-schemф /Users/borispovod/.npm/096224f5-z-schem.lock
12 silly lockFile 096224f5-z-schem z-schemф
13 silly lockFile 096224f5-z-schem z-schemф
14 verbose addNamed [ 'z-schemф', '' ]
15 verbose addNamed [ null, '*' ]
16 silly lockFile e1f047d1-z-schem z-schemф@
17 verbose lock z-schemф@ /Users/borispovod/.npm/e1f047d1-z-schem.lock
18 silly addNameRange { name: 'z-schemф', range: '*', hasData: false }
19 verbose request where is /z-schemф
20 verbose request registry https://registry.npmjs.org/
21 verbose request id 0289c04fb6334531
22 verbose url raw /z-schemф
23 verbose url resolving [ 'https://registry.npmjs.org/', './z-schem%D1%84' ]
24 verbose url resolved https://registry.npmjs.org/z-schem%D1%84
25 verbose request where is https://registry.npmjs.org/z-schem%D1%84
26 info trying registry request attempt 1 at 14:39:46
27 http GET https://registry.npmjs.org/z-schem%D1%84
28 http 404 https://registry.npmjs.org/z-schem%D1%84
29 silly registry.get cb [ 404,
29 silly registry.get   { 'content-type': 'application/json',
29 silly registry.get     'cache-control': 'max-age=0',
29 silly registry.get     'content-length': '2',
29 silly registry.get     'accept-ranges': 'bytes',
29 silly registry.get     date: 'Thu, 27 Aug 2015 11:39:47 GMT',
29 silly registry.get     via: '1.1 varnish',
29 silly registry.get     age: '0',
29 silly registry.get     connection: 'keep-alive',
29 silly registry.get     'x-served-by': 'cache-ams4135-AMS',
29 silly registry.get     'x-cache': 'MISS',
29 silly registry.get     'x-cache-hits': '0',
29 silly registry.get     'x-timer': 'S1440675586.948449,VS0,VE98' } ]
30 silly lockFile e1f047d1-z-schem z-schemф@
31 silly lockFile e1f047d1-z-schem z-schemф@
32 error 404 Not Found
32 error 404
32 error 404 'z-schemф' is not in the npm registry.
32 error 404 You should bug the author to publish it
32 error 404 It was specified as a dependency of 'testdapp'
32 error 404
32 error 404 Note that you can also install from a
32 error 404 tarball, folder, or http url, or git url.
33 error System Darwin 14.0.0
34 error command "node" "/usr/local/bin/npm" "install" "z-schemф"
35 error cwd /Users/borispovod/Documents/crypti/dapps/15616498276233037701
36 error node -v v0.10.32
37 error npm -v 1.4.28
38 error code E404
39 verbose exit [ 1, true ]
